[2026-03-05T15:12:09.950057+01:00] getAllTask.INFO: getTaskData function - Time taken to execute baseTaskData query: 0.012264013290405 seconds [] []
[2026-03-05T15:12:09.956677+01:00] getAllTask.INFO: getTaskData function - Time taken to execute taskTypes query: 0.0018570423126221 seconds [] []
[2026-03-05T15:12:09.958069+01:00] getAllTask.INFO: getTaskData function - Time taken to execute taskPriorities query: 0.001270055770874 seconds [] []
[2026-03-05T15:12:09.960032+01:00] getAllTask.INFO: getTaskData function - Time taken to execute taskResponsibles query: 0.0018911361694336 seconds [] []
[2026-03-05T15:12:09.961953+01:00] getAllTask.INFO: getTaskData function - Time taken to execute lockers query: 0.0018661022186279 seconds [] []
[2026-03-05T15:12:09.963679+01:00] getAllTask.INFO: getTaskData function - Time taken to execute taskPhotos query: 0.0016598701477051 seconds [] []
[2026-03-05T15:12:09.970435+01:00] getAllTask.INFO: getTaskData function - Time taken to execute taskFees query: 0.0063180923461914 seconds [] []
[2026-03-05T15:12:09.971213+01:00] getAllTask.INFO: getTaskData function - Time taken to execute fees query: 0.00039815902709961 seconds [] []
[2026-03-05T15:12:19.847032+01:00] getAllTask.INFO: getTaskData function - Time taken to execute baseTaskData query: 0.0013158321380615 seconds [] []
[2026-03-05T15:12:19.848557+01:00] getAllTask.INFO: getTaskData function - Time taken to execute taskTypes query: 0.00080585479736328 seconds [] []
[2026-03-05T15:12:19.849388+01:00] getAllTask.INFO: getTaskData function - Time taken to execute taskPriorities query: 0.00079202651977539 seconds [] []
[2026-03-05T15:12:19.849886+01:00] getAllTask.INFO: getTaskData function - Time taken to execute taskResponsibles query: 0.00046801567077637 seconds [] []
[2026-03-05T15:12:19.850526+01:00] getAllTask.INFO: getTaskData function - Time taken to execute lockers query: 0.00060296058654785 seconds [] []
[2026-03-05T15:12:19.852239+01:00] getAllTask.INFO: getTaskData function - Time taken to execute taskPhotos query: 0.0016839504241943 seconds [] []
[2026-03-05T15:12:19.853015+01:00] getAllTask.INFO: getTaskData function - Time taken to execute taskFees query: 0.00042200088500977 seconds [] []
[2026-03-05T15:12:19.853505+01:00] getAllTask.INFO: getTaskData function - Time taken to execute fees query: 0.00028395652770996 seconds [] []
[2026-03-05T15:12:36.019047+01:00] getAllTask.INFO: getTaskData function - Time taken to execute baseTaskData query: 0.0058920383453369 seconds [] []
[2026-03-05T15:12:36.022691+01:00] getAllTask.INFO: getTaskData function - Time taken to execute taskTypes query: 0.0011250972747803 seconds [] []
[2026-03-05T15:12:36.023336+01:00] getAllTask.INFO: getTaskData function - Time taken to execute taskPriorities query: 0.00053620338439941 seconds [] []
[2026-03-05T15:12:36.024108+01:00] getAllTask.INFO: getTaskData function - Time taken to execute taskResponsibles query: 0.00069403648376465 seconds [] []
[2026-03-05T15:12:36.025474+01:00] getAllTask.INFO: getTaskData function - Time taken to execute lockers query: 0.0012431144714355 seconds [] []
[2026-03-05T15:12:36.026309+01:00] getAllTask.INFO: getTaskData function - Time taken to execute taskPhotos query: 0.00072479248046875 seconds [] []
[2026-03-05T15:12:36.027946+01:00] getAllTask.INFO: getTaskData function - Time taken to execute taskFees query: 0.0010919570922852 seconds [] []
[2026-03-05T15:12:36.028936+01:00] getAllTask.INFO: getTaskData function - Time taken to execute fees query: 0.00055503845214844 seconds [] []
[2026-03-05T15:20:47.160232+01:00] getAllTask.INFO: getTaskData function - Time taken to execute baseTaskData query: 0.0045998096466064 seconds [] []
[2026-03-05T15:20:47.163785+01:00] getAllTask.INFO: getTaskData function - Time taken to execute taskTypes query: 0.00085282325744629 seconds [] []
[2026-03-05T15:20:47.164329+01:00] getAllTask.INFO: getTaskData function - Time taken to execute taskPriorities query: 0.00047492980957031 seconds [] []
[2026-03-05T15:20:47.164901+01:00] getAllTask.INFO: getTaskData function - Time taken to execute taskResponsibles query: 0.0005190372467041 seconds [] []
[2026-03-05T15:20:47.166226+01:00] getAllTask.INFO: getTaskData function - Time taken to execute lockers query: 0.001223087310791 seconds [] []
[2026-03-05T15:20:47.166825+01:00] getAllTask.INFO: getTaskData function - Time taken to execute taskPhotos query: 0.00055193901062012 seconds [] []
[2026-03-05T15:20:47.168213+01:00] getAllTask.INFO: getTaskData function - Time taken to execute taskFees query: 0.00093293190002441 seconds [] []
[2026-03-05T15:20:47.169010+01:00] getAllTask.INFO: getTaskData function - Time taken to execute fees query: 0.0004730224609375 seconds [] []
[2026-03-05T15:21:56.296370+01:00] getAllTask.INFO: getTaskData function - Time taken to execute baseTaskData query: 0.0060338973999023 seconds [] []
[2026-03-05T15:21:56.304448+01:00] getAllTask.INFO: getTaskData function - Time taken to execute taskTypes query: 0.00089383125305176 seconds [] []
[2026-03-05T15:21:56.305057+01:00] getAllTask.INFO: getTaskData function - Time taken to execute taskPriorities query: 0.00053191184997559 seconds [] []
[2026-03-05T15:21:56.305702+01:00] getAllTask.INFO: getTaskData function - Time taken to execute taskResponsibles query: 0.00059008598327637 seconds [] []
[2026-03-05T15:21:56.306711+01:00] getAllTask.INFO: getTaskData function - Time taken to execute lockers query: 0.00096011161804199 seconds [] []
[2026-03-05T15:21:56.307384+01:00] getAllTask.INFO: getTaskData function - Time taken to execute taskPhotos query: 0.00061893463134766 seconds [] []
[2026-03-05T15:21:56.309182+01:00] getAllTask.INFO: getTaskData function - Time taken to execute taskFees query: 0.0012259483337402 seconds [] []
[2026-03-05T15:21:56.310082+01:00] getAllTask.INFO: getTaskData function - Time taken to execute fees query: 0.00053310394287109 seconds [] []
[2026-03-05T15:36:08.399346+01:00] getAllTask.INFO: getTaskData function - Time taken to execute baseTaskData query: 0.016104936599731 seconds [] []
[2026-03-05T15:36:08.403641+01:00] getAllTask.INFO: getTaskData function - Time taken to execute taskTypes query: 0.00077295303344727 seconds [] []
[2026-03-05T15:36:08.406426+01:00] getAllTask.INFO: getTaskData function - Time taken to execute taskPriorities query: 0.0026829242706299 seconds [] []
[2026-03-05T15:36:08.408667+01:00] getAllTask.INFO: getTaskData function - Time taken to execute taskResponsibles query: 0.0021460056304932 seconds [] []
[2026-03-05T15:36:08.409853+01:00] getAllTask.INFO: getTaskData function - Time taken to execute lockers query: 0.0011069774627686 seconds [] []
[2026-03-05T15:36:08.411435+01:00] getAllTask.INFO: getTaskData function - Time taken to execute taskPhotos query: 0.0015089511871338 seconds [] []
[2026-03-05T15:36:08.415245+01:00] getAllTask.INFO: getTaskData function - Time taken to execute taskFees query: 0.0032739639282227 seconds [] []
[2026-03-05T15:36:08.416153+01:00] getAllTask.INFO: getTaskData function - Time taken to execute fees query: 0.00049614906311035 seconds [] []
[2026-03-05T15:48:32.748683+01:00] getAllTask.INFO: getTaskData function - Time taken to execute baseTaskData query: 0.013603925704956 seconds [] []
[2026-03-05T15:48:32.753624+01:00] getAllTask.INFO: getTaskData function - Time taken to execute taskTypes query: 0.0016958713531494 seconds [] []
[2026-03-05T15:48:32.754898+01:00] getAllTask.INFO: getTaskData function - Time taken to execute taskPriorities query: 0.0012099742889404 seconds [] []
[2026-03-05T15:48:32.756554+01:00] getAllTask.INFO: getTaskData function - Time taken to execute taskResponsibles query: 0.0016040802001953 seconds [] []
[2026-03-05T15:48:32.757934+01:00] getAllTask.INFO: getTaskData function - Time taken to execute lockers query: 0.0013220310211182 seconds [] []
[2026-03-05T15:48:32.760135+01:00] getAllTask.INFO: getTaskData function - Time taken to execute taskPhotos query: 0.0021240711212158 seconds [] []
[2026-03-05T15:48:32.763122+01:00] getAllTask.INFO: getTaskData function - Time taken to execute taskFees query: 0.0024821758270264 seconds [] []
[2026-03-05T15:48:32.764111+01:00] getAllTask.INFO: getTaskData function - Time taken to execute fees query: 0.00061297416687012 seconds [] []
